2022-01-12 19:30:14 0 [Note] InnoDB: Uses event mutexes
2022-01-12 19:30:14 0 [Note] InnoDB: Compressed tables use zlib 1.2.11
2022-01-12 19:30:14 0 [Note] InnoDB: Number of pools: 1
2022-01-12 19:30:14 0 [Note] InnoDB: Using crc32 + pclmulqdq instructions
2022-01-12 19:30:14 0 [Note] mariadbd: O_TMPFILE is not supported on /var/tmp (disabling future attempts)
2022-01-12 19:30:14 0 [Note] InnoDB: Using Linux native AIO
2022-01-12 19:30:14 0 [Note] InnoDB: Initializing buffer pool, total size = 134217728, chunk size = 134217728
2022-01-12 19:30:14 0 [Note] InnoDB: Completed initialization of buffer pool
2022-01-12 19:30:15 0 [Note] InnoDB: Starting crash recovery from checkpoint LSN=727455,727455
2022-01-12 19:30:15 0 [Note] InnoDB: 128 rollback segments are active.
2022-01-12 19:30:15 0 [Note] InnoDB: Removed temporary tablespace data file: "ibtmp1"
2022-01-12 19:30:15 0 [Note] InnoDB: Creating shared tablespace for temporary tables
2022-01-12 19:30:15 0 [Note] InnoDB: Setting file './ibtmp1' size to 12 MB. Physically writing the file full; Please wait ...
2022-01-12 19:30:15 0 [Note] InnoDB: File './ibtmp1' size is now 12 MB.
2022-01-12 19:30:15 0 [Note] InnoDB: 10.5.13 started; log sequence number 727964; transaction id 578
2022-01-12 19:30:15 0 [Note] Plugin 'FEEDBACK' is disabled.
2022-01-12 19:30:15 0 [Note] InnoDB: Loading buffer pool(s) from /var/lib/mysql/ib_buffer_pool
2022-01-12 19:30:15 0 [Note] InnoDB: Buffer pool(s) load completed at 220112 19:30:15
2022-01-12 19:30:15 0 [Note] Server socket created on IP: '0.0.0.0'.
2022-01-12 19:30:15 0 [Note] Reading of all Master_info entries succeeded
2022-01-12 19:30:15 0 [Note] Added new Master_info '' to hash table
2022-01-12 19:30:15 0 [Note] /usr/bin/mariadbd: ready for connections.
Version: '10.5.13-MariaDB'  socket: '/run/mysqld/mysqld.sock'  port: 3306  MariaDB Server
